0 info it worked if it ends with ok
1 verbose cli [ 'C:\\Program Files\\nodejs\\node.exe',
1 verbose cli   'C:\\Program Files\\nodejs\\node_modules\\npm\\bin\\npm-cli.js',
1 verbose cli   'install' ]
2 info using npm@3.10.10
3 info using node@v7.3.0
4 silly loadCurrentTree Starting
5 silly install loadCurrentTree
6 silly install readLocalPackageData
7 silly install normalizeTree
8 silly loadCurrentTree Finishing
9 silly loadIdealTree Starting
10 silly install loadIdealTree
11 silly cloneCurrentTree Starting
12 silly install cloneCurrentTreeToIdealTree
13 silly cloneCurrentTree Finishing
14 silly loadShrinkwrap Starting
15 silly install loadShrinkwrap
16 silly loadShrinkwrap Finishing
17 silly loadAllDepsIntoIdealTree Starting
18 silly install loadAllDepsIntoIdealTree
19 silly fetchNamedPackageData gulp
20 silly mapToRegistry name gulp
21 silly mapToRegistry using default registry
22 silly mapToRegistry registry https://registry.npmjs.org/
23 silly mapToRegistry data Result {
23 silly mapToRegistry   raw: 'gulp',
23 silly mapToRegistry   scope: null,
23 silly mapToRegistry   escapedName: 'gulp',
23 silly mapToRegistry   name: 'gulp',
23 silly mapToRegistry   rawSpec: '',
23 silly mapToRegistry   spec: 'latest',
23 silly mapToRegistry   type: 'tag' }
24 silly mapToRegistry uri https://registry.npmjs.org/gulp
25 silly fetchNamedPackageData laravel-elixir
26 silly mapToRegistry name laravel-elixir
27 silly mapToRegistry using default registry
28 silly mapToRegistry registry https://registry.npmjs.org/
29 silly mapToRegistry data Result {
29 silly mapToRegistry   raw: 'laravel-elixir',
29 silly mapToRegistry   scope: null,
29 silly mapToRegistry   escapedName: 'laravel-elixir',
29 silly mapToRegistry   name: 'laravel-elixir',
29 silly mapToRegistry   rawSpec: '',
29 silly mapToRegistry   spec: 'latest',
29 silly mapToRegistry   type: 'tag' }
30 silly mapToRegistry uri https://registry.npmjs.org/laravel-elixir
31 silly fetchNamedPackageData bootstrap-sass
32 silly mapToRegistry name bootstrap-sass
33 silly mapToRegistry using default registry
34 silly mapToRegistry registry https://registry.npmjs.org/
35 silly mapToRegistry data Result {
35 silly mapToRegistry   raw: 'bootstrap-sass',
35 silly mapToRegistry   scope: null,
35 silly mapToRegistry   escapedName: 'bootstrap-sass',
35 silly mapToRegistry   name: 'bootstrap-sass',
35 silly mapToRegistry   rawSpec: '',
35 silly mapToRegistry   spec: 'latest',
35 silly mapToRegistry   type: 'tag' }
36 silly mapToRegistry uri https://registry.npmjs.org/bootstrap-sass
37 verbose request uri https://registry.npmjs.org/bootstrap-sass
38 verbose request no auth needed
39 info attempt registry request try #1 at 9:11:28 PM
40 verbose request id 1a95ad910a656a4f
41 verbose etag W/"59219a6f-710b"
42 verbose lastModified Sun, 21 May 2017 13:47:27 GMT
43 http request GET https://registry.npmjs.org/bootstrap-sass
44 verbose request uri https://registry.npmjs.org/laravel-elixir
45 verbose request no auth needed
46 info attempt registry request try #1 at 9:11:28 PM
47 verbose etag W/"591aadb0-50837"
48 verbose lastModified Tue, 16 May 2017 07:43:44 GMT
49 http request GET https://registry.npmjs.org/laravel-elixir
50 verbose request uri https://registry.npmjs.org/gulp
51 verbose request no auth needed
52 info attempt registry request try #1 at 9:11:28 PM
53 verbose etag W/"5928f16d-1d3ca"
54 verbose lastModified Sat, 27 May 2017 03:24:29 GMT
55 http request GET https://registry.npmjs.org/gulp
56 http 304 https://registry.npmjs.org/laravel-elixir
57 verbose headers { date: 'Sat, 27 May 2017 13:12:01 GMT',
57 verbose headers   via: '1.1 varnish',
57 verbose headers   'cache-control': 'max-age=300',
57 verbose headers   etag: 'W/"591aadb0-50837"',
57 verbose headers   age: '0',
57 verbose headers   connection: 'keep-alive',
57 verbose headers   'x-served-by': 'cache-lax8624-LAX',
57 verbose headers   'x-cache': 'MISS',
57 verbose headers   'x-cache-hits': '0',
57 verbose headers   'x-timer': 'S1495890721.297268,VS0,VE198',
57 verbose headers   vary: 'Accept-Encoding' }
58 silly get cb [ 304,
58 silly get   { date: 'Sat, 27 May 2017 13:12:01 GMT',
58 silly get     via: '1.1 varnish',
58 silly get     'cache-control': 'max-age=300',
58 silly get     etag: 'W/"591aadb0-50837"',
58 silly get     age: '0',
58 silly get     connection: 'keep-alive',
58 silly get     'x-served-by': 'cache-lax8624-LAX',
58 silly get     'x-cache': 'MISS',
58 silly get     'x-cache-hits': '0',
58 silly get     'x-timer': 'S1495890721.297268,VS0,VE198',
58 silly get     vary: 'Accept-Encoding' } ]
59 verbose etag https://registry.npmjs.org/laravel-elixir from cache
60 verbose get saving laravel-elixir to C:\Users\hp prodesk\AppData\Roaming\npm-cache\registry.npmjs.org\laravel-elixir\.cache.json
61 verbose correctMkdir C:\Users\hp prodesk\AppData\Roaming\npm-cache correctMkdir not in flight; initializing
62 silly resolveWithNewModule laravel-elixir@5.0.0 checking installable status
63 silly cache add args [ 'laravel-elixir@^5.0.0', null ]
64 verbose cache add spec laravel-elixir@^5.0.0
65 silly cache add parsed spec Result {
65 silly cache add   raw: 'laravel-elixir@^5.0.0',
65 silly cache add   scope: null,
65 silly cache add   escapedName: 'laravel-elixir',
65 silly cache add   name: 'laravel-elixir',
65 silly cache add   rawSpec: '^5.0.0',
65 silly cache add   spec: '>=5.0.0 <6.0.0',
65 silly cache add   type: 'range' }
66 silly addNamed laravel-elixir@>=5.0.0 <6.0.0
67 verbose addNamed ">=5.0.0 <6.0.0" is a valid semver range for laravel-elixir
68 silly addNameRange { name: 'laravel-elixir',
68 silly addNameRange   range: '>=5.0.0 <6.0.0',
68 silly addNameRange   hasData: false }
69 silly mapToRegistry name laravel-elixir
70 silly mapToRegistry using default registry
71 silly mapToRegistry registry https://registry.npmjs.org/
72 silly mapToRegistry data Result {
72 silly mapToRegistry   raw: 'laravel-elixir',
72 silly mapToRegistry   scope: null,
72 silly mapToRegistry   escapedName: 'laravel-elixir',
72 silly mapToRegistry   name: 'laravel-elixir',
72 silly mapToRegistry   rawSpec: '',
72 silly mapToRegistry   spec: 'latest',
72 silly mapToRegistry   type: 'tag' }
73 silly mapToRegistry uri https://registry.npmjs.org/laravel-elixir
74 verbose addNameRange registry:https://registry.npmjs.org/laravel-elixir not in flight; fetching
75 verbose get https://registry.npmjs.org/laravel-elixir not expired, no request
76 silly addNameRange number 2 { name: 'laravel-elixir',
76 silly addNameRange   range: '>=5.0.0 <6.0.0',
76 silly addNameRange   hasData: true }
77 silly addNameRange versions [ 'laravel-elixir',
77 silly addNameRange   [ '0.1.0',
77 silly addNameRange     '0.1.1',
77 silly addNameRange     '0.1.2',
77 silly addNameRange     '0.1.3',
77 silly addNameRange     '0.1.4',
77 silly addNameRange     '0.1.5',
77 silly addNameRange     '0.1.6',
77 silly addNameRange     '0.1.7',
77 silly addNameRange     '0.1.8',
77 silly addNameRange     '0.1.9',
77 silly addNameRange     '0.2.0',
77 silly addNameRange     '0.2.1',
77 silly addNameRange     '0.2.2',
77 silly addNameRange     '0.3.0',
77 silly addNameRange     '0.3.1',
77 silly addNameRange     '0.3.2',
77 silly addNameRange     '0.3.3',
77 silly addNameRange     '0.3.4',
77 silly addNameRange     '0.3.5',
77 silly addNameRange     '0.3.7',
77 silly addNameRange     '0.3.8',
77 silly addNameRange     '0.3.9',
77 silly addNameRange     '0.3.10',
77 silly addNameRange     '0.3.11',
77 silly addNameRange     '0.4.0',
77 silly addNameRange     '0.4.1',
77 silly addNameRange     '0.4.3',
77 silly addNameRange     '0.4.4',
77 silly addNameRange     '0.4.5',
77 silly addNameRange     '0.4.6',
77 silly addNameRange     '0.4.7',
77 silly addNameRange     '0.4.8',
77 silly addNameRange     '0.4.9',
77 silly addNameRange     '0.4.10',
77 silly addNameRange     '0.4.11',
77 silly addNameRange     '0.4.12',
77 silly addNameRange     '0.4.13',
77 silly addNameRange     '0.4.14',
77 silly addNameRange     '0.4.15',
77 silly addNameRange     '0.4.16',
77 silly addNameRange     '0.4.17',
77 silly addNameRange     '0.5.0',
77 silly addNameRange     '0.5.1',
77 silly addNameRange     '0.5.2',
77 silly addNameRange     '0.5.3',
77 silly addNameRange     '0.5.4',
77 silly addNameRange     '0.5.5',
77 silly addNameRange     '0.5.6',
77 silly addNameRange     '0.5.7',
77 silly addNameRange     '0.5.8',
77 silly addNameRange     '0.6.0',
77 silly addNameRange     '0.6.1',
77 silly addNameRange     '0.6.2',
77 silly addNameRange     '0.6.3',
77 silly addNameRange     '0.6.4',
77 silly addNameRange     '0.6.5',
77 silly addNameRange     '0.6.6',
77 silly addNameRange     '0.7.0',
77 silly addNameRange     '0.6.7',
77 silly addNameRange     '0.6.8',
77 silly addNameRange     '0.7.1',
77 silly addNameRange     '0.7.3',
77 silly addNameRange     '0.7.4',
77 silly addNameRange     '0.7.5',
77 silly addNameRange     '0.7.6',
77 silly addNameRange     '0.7.7',
77 silly addNameRange     '0.7.8',
77 silly addNameRange     '0.7.9',
77 silly addNameRange     '0.7.10',
77 silly addNameRange     '0.7.11',
77 silly addNameRange     '0.8.0',
77 silly addNameRange     '0.8.1',
77 silly addNameRange     '0.9.1',
77 silly addNameRange     '0.10.0',
77 silly addNameRange     '0.10.1',
77 silly addNameRange     '0.10.2',
77 silly addNameRange     '0.10.3',
77 silly addNameRange     '0.10.4',
77 silly addNameRange     '0.10.5',
77 silly addNameRange     '0.10.6',
77 silly addNameRange     '0.10.7',
77 silly addNameRange     '0.11.0',
77 silly addNameRange     '0.12.0',
77 silly addNameRange     '0.12.2',
77 silly addNameRange     '0.12.3',
77 silly addNameRange     '0.13.0',
77 silly addNameRange     '0.13.1',
77 silly addNameRange     '0.13.2',
77 silly addNameRange     '0.13.3',
77 silly addNameRange     '0.14.0',
77 silly addNameRange     '0.14.2',
77 silly addNameRange     '0.14.3',
77 silly addNameRange     '0.14.4',
77 silly addNameRange     '0.15.0',
77 silly addNameRange     '0.15.1',
77 silly addNameRange     '0.15.2',
77 silly addNameRange     '0.15.3',
77 silly addNameRange     '0.15.4',
77 silly addNameRange     '0.15.5',
77 silly addNameRange     '0.16.0',
77 silly addNameRange     ... 92 more items ] ]
78 silly addNamed laravel-elixir@5.0.0
79 verbose addNamed "5.0.0" is a plain semver version for laravel-elixir
80 silly cache afterAdd laravel-elixir@5.0.0
81 verbose afterAdd C:\Users\hp prodesk\AppData\Roaming\npm-cache\laravel-elixir\5.0.0\package\package.json not in flight; writing
82 verbose correctMkdir C:\Users\hp prodesk\AppData\Roaming\npm-cache correctMkdir not in flight; initializing
83 verbose afterAdd C:\Users\hp prodesk\AppData\Roaming\npm-cache\laravel-elixir\5.0.0\package\package.json written
84 http 304 https://registry.npmjs.org/bootstrap-sass
85 verbose headers { date: 'Sat, 27 May 2017 13:12:02 GMT',
85 verbose headers   via: '1.1 varnish',
85 verbose headers   'cache-control': 'max-age=300',
85 verbose headers   etag: 'W/"59219a6f-710b"',
85 verbose headers   age: '181',
85 verbose headers   connection: 'keep-alive',
85 verbose headers   'x-served-by': 'cache-lax8628-LAX',
85 verbose headers   'x-cache': 'HIT',
85 verbose headers   'x-cache-hits': '1',
85 verbose headers   'x-timer': 'S1495890722.278940,VS0,VE6',
85 verbose headers   vary: 'Accept-Encoding' }
86 silly get cb [ 304,
86 silly get   { date: 'Sat, 27 May 2017 13:12:02 GMT',
86 silly get     via: '1.1 varnish',
86 silly get     'cache-control': 'max-age=300',
86 silly get     etag: 'W/"59219a6f-710b"',
86 silly get     age: '181',
86 silly get     connection: 'keep-alive',
86 silly get     'x-served-by': 'cache-lax8628-LAX',
86 silly get     'x-cache': 'HIT',
86 silly get     'x-cache-hits': '1',
86 silly get     'x-timer': 'S1495890722.278940,VS0,VE6',
86 silly get     vary: 'Accept-Encoding' } ]
87 verbose etag https://registry.npmjs.org/bootstrap-sass from cache
88 verbose get saving bootstrap-sass to C:\Users\hp prodesk\AppData\Roaming\npm-cache\registry.npmjs.org\bootstrap-sass\.cache.json
89 verbose correctMkdir C:\Users\hp prodesk\AppData\Roaming\npm-cache correctMkdir not in flight; initializing
90 silly fetchNamedPackageData No valid target from cache, forcing network
91 verbose request uri https://registry.npmjs.org/bootstrap-sass
92 verbose request no auth needed
93 info attempt registry request try #1 at 9:11:31 PM
94 http request GET https://registry.npmjs.org/bootstrap-sass
95 http 200 https://registry.npmjs.org/bootstrap-sass
96 verbose headers { server: 'nginx/1.10.1',
96 verbose headers   'content-type': 'application/json',
96 verbose headers   'last-modified': 'Sun, 21 May 2017 13:47:27 GMT',
96 verbose headers   etag: 'W/"59219a6f-710b"',
96 verbose headers   'content-encoding': 'gzip',
96 verbose headers   'cache-control': 'max-age=300',
96 verbose headers   'content-length': '7493',
96 verbose headers   'accept-ranges': 'bytes',
96 verbose headers   date: 'Sat, 27 May 2017 13:12:02 GMT',
96 verbose headers   via: '1.1 varnish',
96 verbose headers   age: '181',
96 verbose headers   connection: 'keep-alive',
96 verbose headers   'x-served-by': 'cache-lax8624-LAX',
96 verbose headers   'x-cache': 'HIT',
96 verbose headers   'x-cache-hits': '1',
96 verbose headers   'x-timer': 'S1495890722.487467,VS0,VE1',
96 verbose headers   vary: 'Accept-Encoding' }
97 silly get cb [ 200,
97 silly get   { server: 'nginx/1.10.1',
97 silly get     'content-type': 'application/json',
97 silly get     'last-modified': 'Sun, 21 May 2017 13:47:27 GMT',
97 silly get     etag: 'W/"59219a6f-710b"',
97 silly get     'content-encoding': 'gzip',
97 silly get     'cache-control': 'max-age=300',
97 silly get     'content-length': '7493',
97 silly get     'accept-ranges': 'bytes',
97 silly get     date: 'Sat, 27 May 2017 13:12:02 GMT',
97 silly get     via: '1.1 varnish',
97 silly get     age: '181',
97 silly get     connection: 'keep-alive',
97 silly get     'x-served-by': 'cache-lax8624-LAX',
97 silly get     'x-cache': 'HIT',
97 silly get     'x-cache-hits': '1',
97 silly get     'x-timer': 'S1495890722.487467,VS0,VE1',
97 silly get     vary: 'Accept-Encoding' } ]
98 verbose get saving bootstrap-sass to C:\Users\hp prodesk\AppData\Roaming\npm-cache\registry.npmjs.org\bootstrap-sass\.cache.json
99 verbose correctMkdir C:\Users\hp prodesk\AppData\Roaming\npm-cache correctMkdir not in flight; initializing
100 silly fetchPackageMetaData Error: No compatible version found: bootstrap-sass@^4.0.0
100 silly fetchPackageMetaData Valid install targets:
100 silly fetchPackageMetaData 3.3.7, 3.3.6, 3.3.5, 3.3.4, 3.3.3, 3.3.2, 3.3.1, 3.3.0, 3.2.0, 3.1.1, 2.3.2
100 silly fetchPackageMetaData
100 silly fetchPackageMetaData     at pickVersionFromRegistryDocument (C:\Program Files\nodejs\node_modules\npm\lib\fetch-package-metadata.js:178:16)
100 silly fetchPackageMetaData     at C:\Program Files\nodejs\node_modules\npm\node_modules\iferr\index.js:13:50
100 silly fetchPackageMetaData     at C:\Program Files\nodejs\node_modules\npm\lib\utils\pulse-till-done.js:20:8
100 silly fetchPackageMetaData     at saved (C:\Program Files\nodejs\node_modules\npm\lib\cache\caching-client.js:174:7)
100 silly fetchPackageMetaData     at C:\Program Files\nodejs\node_modules\npm\node_modules\graceful-fs\polyfills.js:241:18
100 silly fetchPackageMetaData     at FSReqWrap.oncomplete (fs.js:111:15)
100 silly fetchPackageMetaData  error for bootstrap-sass@^4.0.0 { Error: No compatible version found: bootstrap-sass@^4.0.0
100 silly fetchPackageMetaData Valid install targets:
100 silly fetchPackageMetaData 3.3.7, 3.3.6, 3.3.5, 3.3.4, 3.3.3, 3.3.2, 3.3.1, 3.3.0, 3.2.0, 3.1.1, 2.3.2
100 silly fetchPackageMetaData
100 silly fetchPackageMetaData     at pickVersionFromRegistryDocument (C:\Program Files\nodejs\node_modules\npm\lib\fetch-package-metadata.js:178:16)
100 silly fetchPackageMetaData     at C:\Program Files\nodejs\node_modules\npm\node_modules\iferr\index.js:13:50
100 silly fetchPackageMetaData     at C:\Program Files\nodejs\node_modules\npm\lib\utils\pulse-till-done.js:20:8
100 silly fetchPackageMetaData     at saved (C:\Program Files\nodejs\node_modules\npm\lib\cache\caching-client.js:174:7)
100 silly fetchPackageMetaData     at C:\Program Files\nodejs\node_modules\npm\node_modules\graceful-fs\polyfills.js:241:18
100 silly fetchPackageMetaData     at FSReqWrap.oncomplete (fs.js:111:15) code: 'ETARGET' }
101 http 304 https://registry.npmjs.org/gulp
102 verbose headers { date: 'Sat, 27 May 2017 13:12:02 GMT',
102 verbose headers   via: '1.1 varnish',
102 verbose headers   'cache-control': 'max-age=300',
102 verbose headers   etag: 'W/"5928f16d-1d3ca"',
102 verbose headers   age: '152',
102 verbose headers   connection: 'keep-alive',
102 verbose headers   'x-served-by': 'cache-lax8627-LAX',
102 verbose headers   'x-cache': 'HIT',
102 verbose headers   'x-cache-hits': '1',
102 verbose headers   'x-timer': 'S1495890723.606030,VS0,VE7',
102 verbose headers   vary: 'Accept-Encoding' }
103 silly get cb [ 304,
103 silly get   { date: 'Sat, 27 May 2017 13:12:02 GMT',
103 silly get     via: '1.1 varnish',
103 silly get     'cache-control': 'max-age=300',
103 silly get     etag: 'W/"5928f16d-1d3ca"',
103 silly get     age: '152',
103 silly get     connection: 'keep-alive',
103 silly get     'x-served-by': 'cache-lax8627-LAX',
103 silly get     'x-cache': 'HIT',
103 silly get     'x-cache-hits': '1',
103 silly get     'x-timer': 'S1495890723.606030,VS0,VE7',
103 silly get     vary: 'Accept-Encoding' } ]
104 verbose etag https://registry.npmjs.org/gulp from cache
105 verbose get saving gulp to C:\Users\hp prodesk\AppData\Roaming\npm-cache\registry.npmjs.org\gulp\.cache.json
106 verbose correctMkdir C:\Users\hp prodesk\AppData\Roaming\npm-cache correctMkdir not in flight; initializing
107 silly resolveWithNewModule gulp@3.9.1 checking installable status
108 silly cache add args [ 'gulp@^3.9.1', null ]
109 verbose cache add spec gulp@^3.9.1
110 silly cache add parsed spec Result {
110 silly cache add   raw: 'gulp@^3.9.1',
110 silly cache add   scope: null,
110 silly cache add   escapedName: 'gulp',
110 silly cache add   name: 'gulp',
110 silly cache add   rawSpec: '^3.9.1',
110 silly cache add   spec: '>=3.9.1 <4.0.0',
110 silly cache add   type: 'range' }
111 silly addNamed gulp@>=3.9.1 <4.0.0
112 verbose addNamed ">=3.9.1 <4.0.0" is a valid semver range for gulp
113 silly addNameRange { name: 'gulp', range: '>=3.9.1 <4.0.0', hasData: false }
114 silly mapToRegistry name gulp
115 silly mapToRegistry using default registry
116 silly mapToRegistry registry https://registry.npmjs.org/
117 silly mapToRegistry data Result {
117 silly mapToRegistry   raw: 'gulp',
117 silly mapToRegistry   scope: null,
117 silly mapToRegistry   escapedName: 'gulp',
117 silly mapToRegistry   name: 'gulp',
117 silly mapToRegistry   rawSpec: '',
117 silly mapToRegistry   spec: 'latest',
117 silly mapToRegistry   type: 'tag' }
118 silly mapToRegistry uri https://registry.npmjs.org/gulp
119 verbose addNameRange registry:https://registry.npmjs.org/gulp not in flight; fetching
120 verbose get https://registry.npmjs.org/gulp not expired, no request
121 silly addNameRange number 2 { name: 'gulp', range: '>=3.9.1 <4.0.0', hasData: true }
122 silly addNameRange versions [ 'gulp',
122 silly addNameRange   [ '0.0.1',
122 silly addNameRange     '0.0.2',
122 silly addNameRange     '0.0.3',
122 silly addNameRange     '0.0.4',
122 silly addNameRange     '0.0.5',
122 silly addNameRange     '0.0.7',
122 silly addNameRange     '0.0.8',
122 silly addNameRange     '0.0.9',
122 silly addNameRange     '0.1.0',
122 silly addNameRange     '0.2.0',
122 silly addNameRange     '1.0.0',
122 silly addNameRange     '1.1.0',
122 silly addNameRange     '1.2.0',
122 silly addNameRange     '1.2.1',
122 silly addNameRange     '2.0.0',
122 silly addNameRange     '2.0.1',
122 silly addNameRange     '2.1.0',
122 silly addNameRange     '2.2.0',
122 silly addNameRange     '2.3.0',
122 silly addNameRange     '2.4.0',
122 silly addNameRange     '2.4.1',
122 silly addNameRange     '2.6.0',
122 silly addNameRange     '2.6.1',
122 silly addNameRange     '2.7.0',
122 silly addNameRange     '3.0.0',
122 silly addNameRange     '3.1.1',
122 silly addNameRange     '3.1.2',
122 silly addNameRange     '3.1.3',
122 silly addNameRange     '3.1.4',
122 silly addNameRange     '3.2.0',
122 silly addNameRange     '3.2.1',
122 silly addNameRange     '3.2.2',
122 silly addNameRange     '3.2.3',
122 silly addNameRange     '3.2.4',
122 silly addNameRange     '3.2.5',
122 silly addNameRange     '3.3.0',
122 silly addNameRange     '3.3.1',
122 silly addNameRange     '3.3.2',
122 silly addNameRange     '3.3.4',
122 silly addNameRange     '3.4.0',
122 silly addNameRange     '3.5.0',
122 silly addNameRange     '3.5.1',
122 silly addNameRange     '3.5.2',
122 silly addNameRange     '3.5.5',
122 silly addNameRange     '3.5.6',
122 silly addNameRange     '3.6.0',
122 silly addNameRange     '3.6.1',
122 silly addNameRange     '3.6.2',
122 silly addNameRange     '3.7.0',
122 silly addNameRange     '3.8.0',
122 silly addNameRange     '3.8.1',
122 silly addNameRange     '3.8.2',
122 silly addNameRange     '3.8.3',
122 silly addNameRange     '3.8.4',
122 silly addNameRange     '3.8.5',
122 silly addNameRange     '3.8.6',
122 silly addNameRange     '3.8.7',
122 silly addNameRange     '3.8.8',
122 silly addNameRange     '3.8.9',
122 silly addNameRange     '3.8.10',
122 silly addNameRange     '3.8.11',
122 silly addNameRange     '3.9.0',
122 silly addNameRange     '3.9.1' ] ]
123 silly addNamed gulp@3.9.1
124 verbose addNamed "3.9.1" is a plain semver version for gulp
125 silly cache afterAdd gulp@3.9.1
126 verbose afterAdd C:\Users\hp prodesk\AppData\Roaming\npm-cache\gulp\3.9.1\package\package.json not in flight; writing
127 verbose correctMkdir C:\Users\hp prodesk\AppData\Roaming\npm-cache correctMkdir not in flight; initializing
128 verbose afterAdd C:\Users\hp prodesk\AppData\Roaming\npm-cache\gulp\3.9.1\package\package.json written
129 silly rollbackFailedOptional Starting
130 silly rollbackFailedOptional Finishing
131 silly runTopLevelLifecycles Finishing
132 silly install printInstalled
133 verbose stack Error: No compatible version found: bootstrap-sass@^4.0.0
133 verbose stack Valid install targets:
133 verbose stack 3.3.7, 3.3.6, 3.3.5, 3.3.4, 3.3.3, 3.3.2, 3.3.1, 3.3.0, 3.2.0, 3.1.1, 2.3.2
133 verbose stack
133 verbose stack     at pickVersionFromRegistryDocument (C:\Program Files\nodejs\node_modules\npm\lib\fetch-package-metadata.js:178:16)
133 verbose stack     at C:\Program Files\nodejs\node_modules\npm\node_modules\iferr\index.js:13:50
133 verbose stack     at C:\Program Files\nodejs\node_modules\npm\lib\utils\pulse-till-done.js:20:8
133 verbose stack     at saved (C:\Program Files\nodejs\node_modules\npm\lib\cache\caching-client.js:174:7)
133 verbose stack     at C:\Program Files\nodejs\node_modules\npm\node_modules\graceful-fs\polyfills.js:241:18
133 verbose stack     at FSReqWrap.oncomplete (fs.js:111:15)
134 verbose cwd C:\xampp\htdocs\immacon
135 error Windows_NT 6.1.7601
136 error argv "C:\\Program Files\\nodejs\\node.exe" "C:\\Program Files\\nodejs\\node_modules\\npm\\bin\\npm-cli.js" "install"
137 error node v7.3.0
138 error npm  v3.10.10
139 error code ETARGET
140 error notarget No compatible version found: bootstrap-sass@^4.0.0
140 error notarget Valid install targets:
140 error notarget 3.3.7, 3.3.6, 3.3.5, 3.3.4, 3.3.3, 3.3.2, 3.3.1, 3.3.0, 3.2.0, 3.1.1, 2.3.2
141 error notarget This is most likely not a problem with npm itself.
141 error notarget In most cases you or one of your dependencies are requesting
141 error notarget a package version that doesn't exist.
142 verbose exit [ 1, true ]
